timestamp: 2016-05-01T14:42:31.347166
CREATE TABLE auth_user(
    id INTEGER PRIMARY KEY AUTOINCREMENT,
    first_name CHAR(128),
    last_name CHAR(128),
    email CHAR(512),
    password CHAR(512),
    registration_key CHAR(512),
    reset_password_key CHAR(512),
    registration_id CHAR(512),
    Company_Name CHAR(512),
    Company_Location CHAR(512),
    Account_Type TEXT,
    gender TEXT,
    Date_of_Birth DATE,
    Contact_Number CHAR(10),
    Profile_Photo CHAR(512),
    Nationality TEXT,
    City CHAR(512),
    Country TEXT
);
success!
timestamp: 2016-05-01T14:42:33.220630
CREATE TABLE auth_group(
    id INTEGER PRIMARY KEY AUTOINCREMENT,
    role CHAR(512),
    description TEXT
);
success!
timestamp: 2016-05-01T14:42:33.377597
CREATE TABLE auth_membership(
    id INTEGER PRIMARY KEY AUTOINCREMENT,
    user_id INTEGER REFERENCES auth_user (id) ON DELETE CASCADE  ,
    group_id INTEGER REFERENCES auth_group (id) ON DELETE CASCADE  
);
success!
timestamp: 2016-05-01T14:42:33.522865
CREATE TABLE auth_permission(
    id INTEGER PRIMARY KEY AUTOINCREMENT,
    group_id INTEGER REFERENCES auth_group (id) ON DELETE CASCADE  ,
    name CHAR(512),
    table_name CHAR(512),
    record_id INTEGER
);
success!
timestamp: 2016-05-01T14:42:33.693308
CREATE TABLE auth_event(
    id INTEGER PRIMARY KEY AUTOINCREMENT,
    time_stamp TIMESTAMP,
    client_ip CHAR(512),
    user_id INTEGER REFERENCES auth_user (id) ON DELETE CASCADE  ,
    origin CHAR(512),
    description TEXT
);
success!
timestamp: 2016-05-01T14:42:33.858440
CREATE TABLE auth_cas(
    id INTEGER PRIMARY KEY AUTOINCREMENT,
    user_id INTEGER REFERENCES auth_user (id) ON DELETE CASCADE  ,
    created_on TIMESTAMP,
    service CHAR(512),
    ticket CHAR(512),
    renew CHAR(1)
);
success!
timestamp: 2016-05-01T14:42:34.137413
CREATE TABLE namess(
    id INTEGER PRIMARY KEY AUTOINCREMENT,
    name CHAR(512),
    email CHAR(512),
    summary TEXT,
    works TEXT,
    education TEXT,
    addinfo TEXT,
    uploadedby INTEGER,
    skills TEXT,
    phone CHAR(512),
    gpa DOUBLE
);
success!
timestamp: 2016-05-01T14:42:34.380477
CREATE TABLE mark(
    id INTEGER PRIMARY KEY AUTOINCREMENT,
    resumeid INTEGER,
    userid INTEGER
);
success!
timestamp: 2016-05-01T14:42:34.526663
CREATE TABLE comments(
    id INTEGER PRIMARY KEY AUTOINCREMENT,
    body TEXT,
    userid INTEGER,
    resumeid INTEGER
);
success!
